<?xml version="1.0" encoding="UTF-8"?>
<testsuite name="ru.javacourse.addressbook.experiments.EquationTests" tests="6" skipped="0" failures="0" errors="0" timestamp="2022-09-13T17:55:40" hostname="DESKTOP-DL0V36M" time="0.008">
  <properties/>
  <testcase name="test0" classname="ru.javacourse.addressbook.experiments.EquationTests" time="0.006"/>
  <testcase name="test1" classname="ru.javacourse.addressbook.experiments.EquationTests" time="0.0"/>
  <testcase name="test2" classname="ru.javacourse.addressbook.experiments.EquationTests" time="0.0"/>
  <testcase name="testConstant" classname="ru.javacourse.addressbook.experiments.EquationTests" time="0.0"/>
  <testcase name="testLinear" classname="ru.javacourse.addressbook.experiments.EquationTests" time="0.0"/>
  <testcase name="testZero" classname="ru.javacourse.addressbook.experiments.EquationTests" time="0.0"/>
  <system-out><![CDATA[]]></system-out>
  <system-err><![CDATA[]]></system-err>
</testsuite>
